*** Starting uWSGI 2.0.18 (64bit) on [Fri Feb  4 12:22:20 2022] ***
compiled with version: 7.5.0 on 03 February 2022 15:57:47
os: Linux-4.15.0-167-generic #175-Ubuntu SMP Wed Jan 5 01:56:07 UTC 2022
nodename: miguel-wisphub
machine: x86_64
clock source: unix
pcre jit disabled
detected number of CPU cores: 8
current working directory: /home/miguel-wisphub/Documentos/Projects_Test/Project WS/project_websocket
detected binary path: /home/miguel-wisphub/Documentos/Projects_Test/Project WS/env_project_websocket/bin/uwsgi
chdir() to /home/miguel-wisphub/Documentos/Projects_Test/Project WS/project_websocket
your processes number limit is 63305
your memory page size is 4096 bytes
detected max file descriptor number: 65535
lock engine: pthread robust mutexes
thunder lock: disabled (you can enable it with --thunder-lock)
uwsgi socket 0 bound to UNIX address /home/miguel-wisphub/Documentos/Projects_Test/Project WS/project_websocket/app1_uwsgi.sock fd 3
Python version: 3.6.9 (default, Dec  8 2021, 21:08:43)  [GCC 8.4.0]
PEP 405 virtualenv detected: /home/miguel-wisphub/Documentos/Projects_Test/Project WS/env_project_websocket
Set PythonHome to /home/miguel-wisphub/Documentos/Projects_Test/Project WS/env_project_websocket
Python main interpreter initialized at 0x55f775d20200
python threads support enabled
your server socket listen backlog is limited to 100 connections
your mercy for graceful operations on workers is 60 seconds
setting request body buffering size to 2000000 bytes
mapped 8406368 bytes (8209 KB) for 3 cores
*** Operational MODE: preforking ***
ModuleNotFoundError: No module named 'Bitol'
unable to load app 0 (mountpoint='') (callable not found or import error)
*** no app loaded. going in full dynamic mode ***
spawned uWSGI master process (pid: 13742)
spawned uWSGI worker 1 (pid: 13747, cores: 1)
spawned uWSGI worker 2 (pid: 13748, cores: 1)
spawned uWSGI worker 3 (pid: 13749, cores: 1)
SIGINT/SIGQUIT received...killing workers...
worker 1 buried after 0 seconds
worker 2 buried after 0 seconds
worker 3 buried after 0 seconds
goodbye to uWSGI.
VACUUM: unix socket /home/miguel-wisphub/Documentos/Projects_Test/Project WS/project_websocket/app1_uwsgi.sock removed.
*** Starting uWSGI 2.0.18 (64bit) on [Fri Feb  4 12:30:37 2022] ***
compiled with version: 7.5.0 on 03 February 2022 15:57:47
os: Linux-4.15.0-167-generic #175-Ubuntu SMP Wed Jan 5 01:56:07 UTC 2022
nodename: miguel-wisphub
machine: x86_64
clock source: unix
pcre jit disabled
detected number of CPU cores: 8
current working directory: /home/miguel-wisphub/Documentos/Projects_Test/Project WS/project_websocket
detected binary path: /home/miguel-wisphub/Documentos/Projects_Test/Project WS/env_project_websocket/bin/uwsgi
chdir() to /home/miguel-wisphub/Documentos/Projects_Test/Project WS/project_websocket
your processes number limit is 63305
your memory page size is 4096 bytes
detected max file descriptor number: 65535
lock engine: pthread robust mutexes
thunder lock: disabled (you can enable it with --thunder-lock)
uwsgi socket 0 bound to UNIX address /home/miguel-wisphub/Documentos/Projects_Test/Project WS/project_websocket/app1_uwsgi.sock fd 3
Python version: 3.6.9 (default, Dec  8 2021, 21:08:43)  [GCC 8.4.0]
PEP 405 virtualenv detected: /home/miguel-wisphub/Documentos/Projects_Test/Project WS/env_project_websocket
Set PythonHome to /home/miguel-wisphub/Documentos/Projects_Test/Project WS/env_project_websocket
Python main interpreter initialized at 0x561fe500b200
python threads support enabled
your server socket listen backlog is limited to 100 connections
your mercy for graceful operations on workers is 60 seconds
setting request body buffering size to 2000000 bytes
mapped 8406368 bytes (8209 KB) for 3 cores
*** Operational MODE: preforking ***
WSGI app 0 (mountpoint='') ready in 0 seconds on interpreter 0x561fe500b200 pid: 14102 (default app)
spawned uWSGI master process (pid: 14102)
spawned uWSGI worker 1 (pid: 14108, cores: 1)
spawned uWSGI worker 2 (pid: 14109, cores: 1)
spawned uWSGI worker 3 (pid: 14110, cores: 1)
SIGINT/SIGQUIT received...killing workers...
worker 1 buried after 1 seconds
worker 2 buried after 1 seconds
worker 3 buried after 1 seconds
goodbye to uWSGI.
VACUUM: unix socket /home/miguel-wisphub/Documentos/Projects_Test/Project WS/project_websocket/app1_uwsgi.sock removed.
*** Starting uWSGI 2.0.18 (64bit) on [Fri Feb  4 12:31:57 2022] ***
compiled with version: 7.5.0 on 03 February 2022 15:57:47
os: Linux-4.15.0-167-generic #175-Ubuntu SMP Wed Jan 5 01:56:07 UTC 2022
nodename: miguel-wisphub
machine: x86_64
clock source: unix
pcre jit disabled
detected number of CPU cores: 8
current working directory: /home/miguel-wisphub/Documentos/Projects_Test/Project WS/project_websocket
detected binary path: /home/miguel-wisphub/Documentos/Projects_Test/Project WS/env_project_websocket/bin/uwsgi
chdir() to /home/miguel-wisphub/Documentos/Projects_Test/Project WS/project_websocket
your processes number limit is 63305
your memory page size is 4096 bytes
detected max file descriptor number: 65535
lock engine: pthread robust mutexes
thunder lock: disabled (you can enable it with --thunder-lock)
uwsgi socket 0 bound to UNIX address /home/miguel-wisphub/Documentos/Projects_Test/Project WS/project_websocket/app1_uwsgi.sock fd 3
Python version: 3.6.9 (default, Dec  8 2021, 21:08:43)  [GCC 8.4.0]
PEP 405 virtualenv detected: /home/miguel-wisphub/Documentos/Projects_Test/Project WS/env_project_websocket
Set PythonHome to /home/miguel-wisphub/Documentos/Projects_Test/Project WS/env_project_websocket
Python main interpreter initialized at 0x56132c641200
python threads support enabled
your server socket listen backlog is limited to 100 connections
your mercy for graceful operations on workers is 60 seconds
setting request body buffering size to 2000000 bytes
mapped 8406368 bytes (8209 KB) for 3 cores
*** Operational MODE: preforking ***
WSGI app 0 (mountpoint='') ready in 0 seconds on interpreter 0x56132c641200 pid: 14184 (default app)
spawned uWSGI master process (pid: 14184)
spawned uWSGI worker 1 (pid: 14193, cores: 1)
spawned uWSGI worker 2 (pid: 14194, cores: 1)
spawned uWSGI worker 3 (pid: 14195, cores: 1)
SIGINT/SIGQUIT received...killing workers...
worker 1 buried after 0 seconds
worker 2 buried after 0 seconds
worker 3 buried after 0 seconds
goodbye to uWSGI.
VACUUM: unix socket /home/miguel-wisphub/Documentos/Projects_Test/Project WS/project_websocket/app1_uwsgi.sock removed.
*** Starting uWSGI 2.0.18 (64bit) on [Fri Feb  4 12:37:17 2022] ***
compiled with version: 7.5.0 on 03 February 2022 15:57:47
os: Linux-4.15.0-167-generic #175-Ubuntu SMP Wed Jan 5 01:56:07 UTC 2022
nodename: miguel-wisphub
machine: x86_64
clock source: unix
pcre jit disabled
detected number of CPU cores: 8
current working directory: /home/miguel-wisphub/Documentos/Projects_Test/Project WS/project_websocket
detected binary path: /home/miguel-wisphub/Documentos/Projects_Test/Project WS/env_project_websocket/bin/uwsgi
chdir() to /home/miguel-wisphub/Documentos/Projects_Test/Project WS/project_websocket
your processes number limit is 63305
your memory page size is 4096 bytes
detected max file descriptor number: 65535
lock engine: pthread robust mutexes
thunder lock: disabled (you can enable it with --thunder-lock)
uwsgi socket 0 bound to UNIX address /home/miguel-wisphub/Documentos/Projects_Test/Project WS/project_websocket/app1_uwsgi.sock fd 3
Python version: 3.6.9 (default, Dec  8 2021, 21:08:43)  [GCC 8.4.0]
PEP 405 virtualenv detected: /home/miguel-wisphub/Documentos/Projects_Test/Project WS/env_project_websocket
Set PythonHome to /home/miguel-wisphub/Documentos/Projects_Test/Project WS/env_project_websocket
Python main interpreter initialized at 0x563aacff2200
python threads support enabled
your server socket listen backlog is limited to 100 connections
your mercy for graceful operations on workers is 60 seconds
setting request body buffering size to 2000000 bytes
mapped 8406368 bytes (8209 KB) for 3 cores
*** Operational MODE: preforking ***
WSGI app 0 (mountpoint='') ready in 0 seconds on interpreter 0x563aacff2200 pid: 15216 (default app)
spawned uWSGI master process (pid: 15216)
spawned uWSGI worker 1 (pid: 15224, cores: 1)
spawned uWSGI worker 2 (pid: 15225, cores: 1)
spawned uWSGI worker 3 (pid: 15226, cores: 1)
SIGINT/SIGQUIT received...killing workers...
worker 1 buried after 1 seconds
worker 2 buried after 1 seconds
worker 3 buried after 1 seconds
goodbye to uWSGI.
VACUUM: unix socket /home/miguel-wisphub/Documentos/Projects_Test/Project WS/project_websocket/app1_uwsgi.sock removed.
*** Starting uWSGI 2.0.18 (64bit) on [Fri Feb  4 12:40:18 2022] ***
compiled with version: 7.5.0 on 03 February 2022 15:57:47
os: Linux-4.15.0-167-generic #175-Ubuntu SMP Wed Jan 5 01:56:07 UTC 2022
nodename: miguel-wisphub
machine: x86_64
clock source: unix
pcre jit disabled
detected number of CPU cores: 8
current working directory: /home/miguel-wisphub/Documentos/Projects_Test/Project WS/project_websocket
detected binary path: /home/miguel-wisphub/Documentos/Projects_Test/Project WS/env_project_websocket/bin/uwsgi
chdir() to /home/miguel-wisphub/Documentos/Projects_Test/Project WS/project_websocket
your processes number limit is 63305
your memory page size is 4096 bytes
detected max file descriptor number: 65535
lock engine: pthread robust mutexes
thunder lock: disabled (you can enable it with --thunder-lock)
uwsgi socket 0 bound to UNIX address /home/miguel-wisphub/Documentos/Projects_Test/Project WS/project_websocket/app1_uwsgi.sock fd 3
Python version: 3.6.9 (default, Dec  8 2021, 21:08:43)  [GCC 8.4.0]
PEP 405 virtualenv detected: /home/miguel-wisphub/Documentos/Projects_Test/Project WS/env_project_websocket
Set PythonHome to /home/miguel-wisphub/Documentos/Projects_Test/Project WS/env_project_websocket
Python main interpreter initialized at 0x5578845bc200
python threads support enabled
your server socket listen backlog is limited to 100 connections
your mercy for graceful operations on workers is 60 seconds
setting request body buffering size to 2000000 bytes
mapped 8406368 bytes (8209 KB) for 3 cores
*** Operational MODE: preforking ***
WSGI app 0 (mountpoint='') ready in 0 seconds on interpreter 0x5578845bc200 pid: 15719 (default app)
spawned uWSGI master process (pid: 15719)
spawned uWSGI worker 1 (pid: 15727, cores: 1)
spawned uWSGI worker 2 (pid: 15728, cores: 1)
spawned uWSGI worker 3 (pid: 15729, cores: 1)
SIGINT/SIGQUIT received...killing workers...
worker 1 buried after 0 seconds
worker 2 buried after 0 seconds
worker 3 buried after 0 seconds
goodbye to uWSGI.
VACUUM: unix socket /home/miguel-wisphub/Documentos/Projects_Test/Project WS/project_websocket/app1_uwsgi.sock removed.
*** Starting uWSGI 2.0.18 (64bit) on [Fri Feb  4 12:43:20 2022] ***
compiled with version: 7.5.0 on 03 February 2022 15:57:47
os: Linux-4.15.0-167-generic #175-Ubuntu SMP Wed Jan 5 01:56:07 UTC 2022
nodename: miguel-wisphub
machine: x86_64
clock source: unix
pcre jit disabled
detected number of CPU cores: 8
current working directory: /home/miguel-wisphub/Documentos/Projects_Test/Project WS/project_websocket
detected binary path: /home/miguel-wisphub/Documentos/Projects_Test/Project WS/env_project_websocket/bin/uwsgi
chdir() to /home/miguel-wisphub/Documentos/Projects_Test/Project WS/project_websocket
your processes number limit is 63305
your memory page size is 4096 bytes
detected max file descriptor number: 65535
lock engine: pthread robust mutexes
thunder lock: disabled (you can enable it with --thunder-lock)
uwsgi socket 0 bound to UNIX address /home/miguel-wisphub/Documentos/Projects_Test/Project WS/project_websocket/app1_uwsgi.sock fd 3
Python version: 3.6.9 (default, Dec  8 2021, 21:08:43)  [GCC 8.4.0]
PEP 405 virtualenv detected: /home/miguel-wisphub/Documentos/Projects_Test/Project WS/env_project_websocket
Set PythonHome to /home/miguel-wisphub/Documentos/Projects_Test/Project WS/env_project_websocket
Python main interpreter initialized at 0x55565e71b200
python threads support enabled
your server socket listen backlog is limited to 100 connections
your mercy for graceful operations on workers is 60 seconds
setting request body buffering size to 2000000 bytes
mapped 8406368 bytes (8209 KB) for 3 cores
*** Operational MODE: preforking ***
WSGI app 0 (mountpoint='') ready in 0 seconds on interpreter 0x55565e71b200 pid: 16004 (default app)
spawned uWSGI master process (pid: 16004)
spawned uWSGI worker 1 (pid: 16012, cores: 1)
spawned uWSGI worker 2 (pid: 16013, cores: 1)
spawned uWSGI worker 3 (pid: 16014, cores: 1)
SIGINT/SIGQUIT received...killing workers...
worker 1 buried after 0 seconds
worker 2 buried after 0 seconds
worker 3 buried after 0 seconds
goodbye to uWSGI.
VACUUM: unix socket /home/miguel-wisphub/Documentos/Projects_Test/Project WS/project_websocket/app1_uwsgi.sock removed.
*** Starting uWSGI 2.0.18 (64bit) on [Fri Feb  4 12:44:37 2022] ***
compiled with version: 7.5.0 on 03 February 2022 15:57:47
os: Linux-4.15.0-167-generic #175-Ubuntu SMP Wed Jan 5 01:56:07 UTC 2022
nodename: miguel-wisphub
machine: x86_64
clock source: unix
pcre jit disabled
detected number of CPU cores: 8
current working directory: /home/miguel-wisphub/Documentos/Projects_Test/Project WS/project_websocket
detected binary path: /home/miguel-wisphub/Documentos/Projects_Test/Project WS/env_project_websocket/bin/uwsgi
chdir() to /home/miguel-wisphub/Documentos/Projects_Test/Project WS/project_websocket
your processes number limit is 63305
your memory page size is 4096 bytes
detected max file descriptor number: 65535
lock engine: pthread robust mutexes
thunder lock: disabled (you can enable it with --thunder-lock)
uwsgi socket 0 bound to UNIX address /home/miguel-wisphub/Documentos/Projects_Test/Project WS/project_websocket/app1_uwsgi.sock fd 3
Python version: 3.6.9 (default, Dec  8 2021, 21:08:43)  [GCC 8.4.0]
PEP 405 virtualenv detected: /home/miguel-wisphub/Documentos/Projects_Test/Project WS/env_project_websocket
Set PythonHome to /home/miguel-wisphub/Documentos/Projects_Test/Project WS/env_project_websocket
Python main interpreter initialized at 0x5605b1390200
python threads support enabled
your server socket listen backlog is limited to 100 connections
your mercy for graceful operations on workers is 60 seconds
setting request body buffering size to 2000000 bytes
mapped 8406368 bytes (8209 KB) for 3 cores
*** Operational MODE: preforking ***
WSGI app 0 (mountpoint='') ready in 1 seconds on interpreter 0x5605b1390200 pid: 16524 (default app)
spawned uWSGI master process (pid: 16524)
spawned uWSGI worker 1 (pid: 16532, cores: 1)
spawned uWSGI worker 2 (pid: 16533, cores: 1)
spawned uWSGI worker 3 (pid: 16534, cores: 1)
SIGINT/SIGQUIT received...killing workers...
worker 1 buried after 1 seconds
worker 2 buried after 1 seconds
worker 3 buried after 1 seconds
goodbye to uWSGI.
VACUUM: unix socket /home/miguel-wisphub/Documentos/Projects_Test/Project WS/project_websocket/app1_uwsgi.sock removed.
*** Starting uWSGI 2.0.18 (64bit) on [Fri Feb  4 12:51:30 2022] ***
compiled with version: 7.5.0 on 03 February 2022 15:57:47
os: Linux-4.15.0-167-generic #175-Ubuntu SMP Wed Jan 5 01:56:07 UTC 2022
nodename: miguel-wisphub
machine: x86_64
clock source: unix
pcre jit disabled
detected number of CPU cores: 8
current working directory: /home/miguel-wisphub/Documentos/Projects_Test/Project WS/project_websocket
detected binary path: /home/miguel-wisphub/Documentos/Projects_Test/Project WS/env_project_websocket/bin/uwsgi
chdir() to /home/miguel-wisphub/Documentos/Projects_Test/Project WS/project_websocket
your processes number limit is 63305
your memory page size is 4096 bytes
detected max file descriptor number: 65535
lock engine: pthread robust mutexes
thunder lock: disabled (you can enable it with --thunder-lock)
uwsgi socket 0 bound to UNIX address /home/miguel-wisphub/Documentos/Projects_Test/Project WS/project_websocket/app1_uwsgi.sock fd 3
Python version: 3.6.9 (default, Dec  8 2021, 21:08:43)  [GCC 8.4.0]
PEP 405 virtualenv detected: /home/miguel-wisphub/Documentos/Projects_Test/Project WS/env_project_websocket
Set PythonHome to /home/miguel-wisphub/Documentos/Projects_Test/Project WS/env_project_websocket
Python main interpreter initialized at 0x55d7d2040200
python threads support enabled
your server socket listen backlog is limited to 100 connections
your mercy for graceful operations on workers is 60 seconds
setting request body buffering size to 2000000 bytes
mapped 8406368 bytes (8209 KB) for 3 cores
*** Operational MODE: preforking ***
WSGI app 0 (mountpoint='') ready in 1 seconds on interpreter 0x55d7d2040200 pid: 17281 (default app)
spawned uWSGI master process (pid: 17281)
spawned uWSGI worker 1 (pid: 17289, cores: 1)
spawned uWSGI worker 2 (pid: 17290, cores: 1)
spawned uWSGI worker 3 (pid: 17291, cores: 1)
SIGINT/SIGQUIT received...killing workers...
worker 1 buried after 0 seconds
worker 2 buried after 0 seconds
worker 3 buried after 0 seconds
goodbye to uWSGI.
VACUUM: unix socket /home/miguel-wisphub/Documentos/Projects_Test/Project WS/project_websocket/app1_uwsgi.sock removed.
*** Starting uWSGI 2.0.18 (64bit) on [Fri Feb  4 14:19:08 2022] ***
compiled with version: 7.5.0 on 03 February 2022 15:57:47
os: Linux-4.15.0-167-generic #175-Ubuntu SMP Wed Jan 5 01:56:07 UTC 2022
nodename: miguel-wisphub
machine: x86_64
clock source: unix
pcre jit disabled
detected number of CPU cores: 8
current working directory: /home/miguel-wisphub/Documentos/Projects_Test/Project WS/project_websocket
detected binary path: /home/miguel-wisphub/Documentos/Projects_Test/Project WS/env_project_websocket/bin/uwsgi
chdir() to /home/miguel-wisphub/Documentos/Projects_Test/Project WS/project_websocket
your processes number limit is 63305
your memory page size is 4096 bytes
detected max file descriptor number: 65535
lock engine: pthread robust mutexes
thunder lock: disabled (you can enable it with --thunder-lock)
uwsgi socket 0 bound to UNIX address /home/miguel-wisphub/Documentos/Projects_Test/Project WS/project_websocket/app1_uwsgi.sock fd 3
Python version: 3.6.9 (default, Dec  8 2021, 21:08:43)  [GCC 8.4.0]
PEP 405 virtualenv detected: /home/miguel-wisphub/Documentos/Projects_Test/Project WS/env_project_websocket
Set PythonHome to /home/miguel-wisphub/Documentos/Projects_Test/Project WS/env_project_websocket
Python main interpreter initialized at 0x559ca51b7200
python threads support enabled
your server socket listen backlog is limited to 100 connections
your mercy for graceful operations on workers is 60 seconds
setting request body buffering size to 2000000 bytes
mapped 8406368 bytes (8209 KB) for 3 cores
*** Operational MODE: preforking ***
WSGI app 0 (mountpoint='') ready in 1 seconds on interpreter 0x559ca51b7200 pid: 21974 (default app)
spawned uWSGI master process (pid: 21974)
spawned uWSGI worker 1 (pid: 21983, cores: 1)
spawned uWSGI worker 2 (pid: 21984, cores: 1)
spawned uWSGI worker 3 (pid: 21985, cores: 1)
SIGINT/SIGQUIT received...killing workers...
worker 1 buried after 0 seconds
worker 2 buried after 0 seconds
worker 3 buried after 0 seconds
goodbye to uWSGI.
VACUUM: unix socket /home/miguel-wisphub/Documentos/Projects_Test/Project WS/project_websocket/app1_uwsgi.sock removed.
*** Starting uWSGI 2.0.20 (64bit) on [Fri Feb  4 15:20:31 2022] ***
compiled with version: 7.5.0 on 27 January 2022 20:04:25
os: Linux-4.15.0-167-generic #175-Ubuntu SMP Wed Jan 5 01:56:07 UTC 2022
nodename: miguel-wisphub
machine: x86_64
clock source: unix
pcre jit disabled
detected number of CPU cores: 8
current working directory: /home/miguel-wisphub/Documentos/Projects_Test/Project WS/project_websocket
detected binary path: /home/miguel-wisphub/.local/bin/uwsgi
chdir() to /home/miguel-wisphub/Documentos/Projects_Test/Project WS/project_websocket
your processes number limit is 63305
your memory page size is 4096 bytes
detected max file descriptor number: 65535
lock engine: pthread robust mutexes
thunder lock: disabled (you can enable it with --thunder-lock)
uwsgi socket 0 bound to UNIX address /home/miguel-wisphub/Documentos/Projects_Test/Project WS/project_websocket/app_uwsgi.sock fd 3
Python version: 3.6.9 (default, Dec  8 2021, 21:08:43)  [GCC 8.4.0]
PEP 405 virtualenv detected: /home/miguel-wisphub/Documentos/Projects_Test/Project WS/env_project_websocket
Set PythonHome to /home/miguel-wisphub/Documentos/Projects_Test/Project WS/env_project_websocket
Python main interpreter initialized at 0x561493e64360
python threads support enabled
your server socket listen backlog is limited to 100 connections
your mercy for graceful operations on workers is 60 seconds
setting request body buffering size to 2000000 bytes
mapped 8406368 bytes (8209 KB) for 3 cores
*** Operational MODE: preforking ***
WSGI app 0 (mountpoint='') ready in 0 seconds on interpreter 0x561493e64360 pid: 27350 (default app)
spawned uWSGI master process (pid: 27350)
spawned uWSGI worker 1 (pid: 27358, cores: 1)
spawned uWSGI worker 2 (pid: 27359, cores: 1)
spawned uWSGI worker 3 (pid: 27360, cores: 1)
SIGINT/SIGTERM received...killing workers...
worker 1 buried after 1 seconds
worker 2 buried after 1 seconds
worker 3 buried after 1 seconds
goodbye to uWSGI.
VACUUM: unix socket /home/miguel-wisphub/Documentos/Projects_Test/Project WS/project_websocket/app_uwsgi.sock removed.
*** Starting uWSGI 2.0.20 (64bit) on [Fri Feb  4 15:42:32 2022] ***
compiled with version: 7.5.0 on 27 January 2022 20:04:25
os: Linux-4.15.0-167-generic #175-Ubuntu SMP Wed Jan 5 01:56:07 UTC 2022
nodename: miguel-wisphub
machine: x86_64
clock source: unix
pcre jit disabled
detected number of CPU cores: 8
current working directory: /home/miguel-wisphub/Documentos/Projects_Test/Project WS/project_websocket
detected binary path: /home/miguel-wisphub/.local/bin/uwsgi
chdir() to /home/miguel-wisphub/Documentos/Projects_Test/Project WS/project_websocket
your processes number limit is 63305
your memory page size is 4096 bytes
detected max file descriptor number: 65535
lock engine: pthread robust mutexes
thunder lock: disabled (you can enable it with --thunder-lock)
uwsgi socket 0 bound to UNIX address /home/miguel-wisphub/Documentos/Projects_Test/Project WS/project_websocket/app_uwsgi.sock fd 3
Python version: 3.6.9 (default, Dec  8 2021, 21:08:43)  [GCC 8.4.0]
PEP 405 virtualenv detected: /home/miguel-wisphub/Documentos/Projects_Test/Project WS/env_project_websocket
Set PythonHome to /home/miguel-wisphub/Documentos/Projects_Test/Project WS/env_project_websocket
Python main interpreter initialized at 0x558cbe9d8310
python threads support enabled
your server socket listen backlog is limited to 100 connections
your mercy for graceful operations on workers is 60 seconds
setting request body buffering size to 2000000 bytes
mapped 8406368 bytes (8209 KB) for 3 cores
*** Operational MODE: preforking ***
WSGI app 0 (mountpoint='') ready in 1 seconds on interpreter 0x558cbe9d8310 pid: 29570 (default app)
spawned uWSGI master process (pid: 29570)
spawned uWSGI worker 1 (pid: 29578, cores: 1)
spawned uWSGI worker 2 (pid: 29579, cores: 1)
spawned uWSGI worker 3 (pid: 29580, cores: 1)
Gracefully killing worker 3 (pid: 29580)...
Gracefully killing worker 2 (pid: 29579)...
...gracefully killing workers...
Gracefully killing worker 1 (pid: 29578)...
*** Starting uWSGI 2.0.18 (64bit) on [Fri Feb  4 16:55:42 2022] ***
compiled with version: 7.5.0 on 03 February 2022 15:57:47
os: Linux-4.15.0-167-generic #175-Ubuntu SMP Wed Jan 5 01:56:07 UTC 2022
nodename: miguel-wisphub
machine: x86_64
clock source: unix
pcre jit disabled
detected number of CPU cores: 8
current working directory: /home/miguel-wisphub/Documentos/Projects_Test/Project WS/project_websocket
detected binary path: /home/miguel-wisphub/Documentos/Projects_Test/Project WS/env_project_websocket/bin/uwsgi
chdir() to /home/miguel-wisphub/Documentos/Projects_Test/Project WS/project_websocket
your processes number limit is 63305
your memory page size is 4096 bytes
detected max file descriptor number: 65535
lock engine: pthread robust mutexes
thunder lock: disabled (you can enable it with --thunder-lock)
uwsgi socket 0 bound to UNIX address /home/miguel-wisphub/Documentos/Projects_Test/Project WS/project_websocket/app_uwsgi.sock fd 3
Python version: 3.6.9 (default, Dec  8 2021, 21:08:43)  [GCC 8.4.0]
PEP 405 virtualenv detected: /home/miguel-wisphub/Documentos/Projects_Test/Project WS/env_project_websocket
Set PythonHome to /home/miguel-wisphub/Documentos/Projects_Test/Project WS/env_project_websocket
Python main interpreter initialized at 0x55a993647390
python threads support enabled
your server socket listen backlog is limited to 100 connections
your mercy for graceful operations on workers is 60 seconds
setting request body buffering size to 2000000 bytes
mapped 8406368 bytes (8209 KB) for 3 cores
*** Operational MODE: preforking ***
WSGI app 0 (mountpoint='') ready in 1 seconds on interpreter 0x55a993647390 pid: 6669 (default app)
spawned uWSGI master process (pid: 6669)
spawned uWSGI worker 1 (pid: 6673, cores: 1)
spawned uWSGI worker 2 (pid: 6674, cores: 1)
spawned uWSGI worker 3 (pid: 6675, cores: 1)
SIGINT/SIGQUIT received...killing workers...
worker 1 buried after 0 seconds
worker 2 buried after 0 seconds
worker 3 buried after 0 seconds
goodbye to uWSGI.
chdir(): No such file or directory [core/uwsgi.c line 1611]
chdir(): No such file or directory [core/uwsgi.c line 1647]
unlink(): No such file or directory [core/uwsgi.c line 1660]
*** Starting uWSGI 2.0.20 (64bit) on [Fri Feb  4 17:16:31 2022] ***
compiled with version: 7.5.0 on 27 January 2022 20:04:25
os: Linux-4.15.0-167-generic #175-Ubuntu SMP Wed Jan 5 01:56:07 UTC 2022
nodename: miguel-wisphub
machine: x86_64
clock source: unix
pcre jit disabled
detected number of CPU cores: 8
current working directory: /home/miguel-wisphub/Documentos/Projects_Test/Project_WS/project_websocket
detected binary path: /home/miguel-wisphub/.local/bin/uwsgi
chdir() to /home/miguel-wisphub/Documentos/Projects_Test/Project_WS/project_websocket
your processes number limit is 63305
your memory page size is 4096 bytes
detected max file descriptor number: 65535
lock engine: pthread robust mutexes
thunder lock: disabled (you can enable it with --thunder-lock)
uwsgi socket 0 bound to UNIX address /home/miguel-wisphub/Documentos/Projects_Test/Project_WS/project_websocket/app_uwsgi.sock fd 3
Python version: 3.6.9 (default, Dec  8 2021, 21:08:43)  [GCC 8.4.0]
PEP 405 virtualenv detected: /home/miguel-wisphub/Documentos/Projects_Test/Project_WS/env_project_websocket
Set PythonHome to /home/miguel-wisphub/Documentos/Projects_Test/Project_WS/env_project_websocket
Python main interpreter initialized at 0x5631d902b4e0
python threads support enabled
your server socket listen backlog is limited to 100 connections
your mercy for graceful operations on workers is 60 seconds
setting request body buffering size to 2000000 bytes
mapped 8406368 bytes (8209 KB) for 3 cores
*** Operational MODE: preforking ***
WSGI app 0 (mountpoint='') ready in 0 seconds on interpreter 0x5631d902b4e0 pid: 9041 (default app)
spawned uWSGI master process (pid: 9041)
spawned uWSGI worker 1 (pid: 9046, cores: 1)
spawned uWSGI worker 2 (pid: 9047, cores: 1)
spawned uWSGI worker 3 (pid: 9048, cores: 1)
Invalid HTTP_HOST header: 'projectwebsocket.net'. You may need to add 'projectwebsocket.net' to ALLOWED_HOSTS.
Bad Request: /
{address space usage: 209866752 bytes/200MB} {rss usage: 42950656 bytes/40MB} [pid: 9046|app: 0|req: 1/1] 127.0.0.1 () {42 vars in 764 bytes} [Fri Feb  4 22:18:50 2022] GET / => generated 58370 bytes in 45 msecs (HTTP/1.1 400) 1 headers in 53 bytes (1 switches on core 0)
Invalid HTTP_HOST header: 'projectwebsocket.net'. You may need to add 'projectwebsocket.net' to ALLOWED_HOSTS.
Bad Request: /favicon.ico
{address space usage: 209870848 bytes/200MB} {rss usage: 42950656 bytes/40MB} [pid: 9048|app: 0|req: 1/2] 127.0.0.1 () {44 vars in 746 bytes} [Fri Feb  4 22:18:50 2022] GET /favicon.ico => generated 58566 bytes in 38 msecs (HTTP/1.1 400) 1 headers in 53 bytes (1 switches on core 0)
Invalid HTTP_HOST header: 'projectwebsocket.net'. You may need to add 'projectwebsocket.net' to ALLOWED_HOSTS.
Bad Request: /
{address space usage: 210026496 bytes/200MB} {rss usage: 43155456 bytes/41MB} [pid: 9048|app: 0|req: 2/3] 127.0.0.1 () {42 vars in 764 bytes} [Fri Feb  4 22:20:05 2022] GET / => generated 58370 bytes in 39 msecs (HTTP/1.1 400) 1 headers in 53 bytes (1 switches on core 0)
Invalid HTTP_HOST header: 'projectwebsocket.net'. You may need to add 'projectwebsocket.net' to ALLOWED_HOSTS.
Bad Request: /favicon.ico
{address space usage: 209870848 bytes/200MB} {rss usage: 42950656 bytes/40MB} [pid: 9047|app: 0|req: 1/4] 127.0.0.1 () {44 vars in 746 bytes} [Fri Feb  4 22:20:05 2022] GET /favicon.ico => generated 58566 bytes in 38 msecs (HTTP/1.1 400) 1 headers in 53 bytes (1 switches on core 0)
SIGINT/SIGTERM received...killing workers...
worker 1 buried after 1 seconds
worker 2 buried after 1 seconds
worker 3 buried after 1 seconds
goodbye to uWSGI.
VACUUM: unix socket /home/miguel-wisphub/Documentos/Projects_Test/Project_WS/project_websocket/app_uwsgi.sock removed.
*** Starting uWSGI 2.0.20 (64bit) on [Fri Feb  4 17:20:14 2022] ***
compiled with version: 7.5.0 on 27 January 2022 20:04:25
os: Linux-4.15.0-167-generic #175-Ubuntu SMP Wed Jan 5 01:56:07 UTC 2022
nodename: miguel-wisphub
machine: x86_64
clock source: unix
pcre jit disabled
detected number of CPU cores: 8
current working directory: /home/miguel-wisphub/Documentos/Projects_Test/Project_WS/project_websocket
detected binary path: /home/miguel-wisphub/.local/bin/uwsgi
chdir() to /home/miguel-wisphub/Documentos/Projects_Test/Project_WS/project_websocket
your processes number limit is 63305
your memory page size is 4096 bytes
detected max file descriptor number: 65535
lock engine: pthread robust mutexes
thunder lock: disabled (you can enable it with --thunder-lock)
uwsgi socket 0 bound to UNIX address /home/miguel-wisphub/Documentos/Projects_Test/Project_WS/project_websocket/app_uwsgi.sock fd 3
Python version: 3.6.9 (default, Dec  8 2021, 21:08:43)  [GCC 8.4.0]
PEP 405 virtualenv detected: /home/miguel-wisphub/Documentos/Projects_Test/Project_WS/env_project_websocket
Set PythonHome to /home/miguel-wisphub/Documentos/Projects_Test/Project_WS/env_project_websocket
Python main interpreter initialized at 0x565253d074e0
python threads support enabled
your server socket listen backlog is limited to 100 connections
your mercy for graceful operations on workers is 60 seconds
setting request body buffering size to 2000000 bytes
mapped 8406368 bytes (8209 KB) for 3 cores
*** Operational MODE: preforking ***
WSGI app 0 (mountpoint='') ready in 0 seconds on interpreter 0x565253d074e0 pid: 9401 (default app)
spawned uWSGI master process (pid: 9401)
spawned uWSGI worker 1 (pid: 9405, cores: 1)
spawned uWSGI worker 2 (pid: 9406, cores: 1)
spawned uWSGI worker 3 (pid: 9407, cores: 1)
{address space usage: 264486912 bytes/252MB} {rss usage: 63078400 bytes/60MB} [pid: 9407|app: 0|req: 1/1] 127.0.0.1 () {42 vars in 764 bytes} [Fri Feb  4 22:20:17 2022] GET / => generated 3053 bytes in 452 msecs (HTTP/1.1 200) 3 headers in 110 bytes (1 switches on core 0)
Not Found: /favicon.ico
{address space usage: 210583552 bytes/200MB} {rss usage: 43278336 bytes/41MB} [pid: 9406|app: 0|req: 1/2] 127.0.0.1 () {44 vars in 746 bytes} [Fri Feb  4 22:20:18 2022] GET /favicon.ico => generated 2222 bytes in 21 msecs (HTTP/1.1 404) 3 headers in 102 bytes (1 switches on core 0)
SIGINT/SIGTERM received...killing workers...
worker 1 buried after 1 seconds
worker 2 buried after 1 seconds
worker 3 buried after 1 seconds
goodbye to uWSGI.
VACUUM: unix socket /home/miguel-wisphub/Documentos/Projects_Test/Project_WS/project_websocket/app_uwsgi.sock removed.
*** Starting uWSGI 2.0.20 (64bit) on [Fri Feb  4 17:33:37 2022] ***
compiled with version: 7.5.0 on 27 January 2022 20:04:25
os: Linux-4.15.0-167-generic #175-Ubuntu SMP Wed Jan 5 01:56:07 UTC 2022
nodename: miguel-wisphub
machine: x86_64
clock source: unix
pcre jit disabled
detected number of CPU cores: 8
current working directory: /home/miguel-wisphub/Documentos/Projects_Test/Project_WS/project_websocket
detected binary path: /home/miguel-wisphub/.local/bin/uwsgi
chdir() to /home/miguel-wisphub/Documentos/Projects_Test/Project_WS/project_websocket
your processes number limit is 63305
your memory page size is 4096 bytes
detected max file descriptor number: 65535
lock engine: pthread robust mutexes
thunder lock: disabled (you can enable it with --thunder-lock)
uwsgi socket 0 bound to UNIX address /home/miguel-wisphub/Documentos/Projects_Test/Project_WS/project_websocket/app_uwsgi.sock fd 3
Python version: 3.6.9 (default, Dec  8 2021, 21:08:43)  [GCC 8.4.0]
PEP 405 virtualenv detected: /home/miguel-wisphub/Documentos/Projects_Test/Project_WS/env_project_websocket
Set PythonHome to /home/miguel-wisphub/Documentos/Projects_Test/Project_WS/env_project_websocket
Python main interpreter initialized at 0x55d71e1253b0
python threads support enabled
your server socket listen backlog is limited to 100 connections
your mercy for graceful operations on workers is 60 seconds
setting request body buffering size to 2000000 bytes
mapped 8406368 bytes (8209 KB) for 3 cores
*** Operational MODE: preforking ***
WSGI app 0 (mountpoint='') ready in 0 seconds on interpreter 0x55d71e1253b0 pid: 10504 (default app)
spawned uWSGI master process (pid: 10504)
spawned uWSGI worker 1 (pid: 10509, cores: 1)
spawned uWSGI worker 2 (pid: 10510, cores: 1)
spawned uWSGI worker 3 (pid: 10511, cores: 1)
{address space usage: 264495104 bytes/252MB} {rss usage: 63209472 bytes/60MB} [pid: 10511|app: 0|req: 1/1] 127.0.0.1 () {42 vars in 764 bytes} [Fri Feb  4 22:47:38 2022] GET / => generated 3053 bytes in 229 msecs (HTTP/1.1 200) 3 headers in 110 bytes (1 switches on core 0)
SIGINT/SIGTERM received...killing workers...
worker 1 buried after 1 seconds
worker 2 buried after 1 seconds
worker 3 buried after 1 seconds
goodbye to uWSGI.
VACUUM: unix socket /home/miguel-wisphub/Documentos/Projects_Test/Project_WS/project_websocket/app_uwsgi.sock removed.
*** Starting uWSGI 2.0.18 (64bit) on [Fri Feb  4 17:49:44 2022] ***
compiled with version: 7.5.0 on 03 February 2022 15:57:47
os: Linux-4.15.0-167-generic #175-Ubuntu SMP Wed Jan 5 01:56:07 UTC 2022
nodename: miguel-wisphub
machine: x86_64
clock source: unix
pcre jit disabled
detected number of CPU cores: 8
current working directory: /home/miguel-wisphub/Documentos/Projects_Test/Project_WS/project_websocket
detected binary path: /home/miguel-wisphub/.local/bin/uwsgi
chdir() to /home/miguel-wisphub/Documentos/Projects_Test/Project_WS/project_websocket
your processes number limit is 63305
your memory page size is 4096 bytes
detected max file descriptor number: 65535
lock engine: pthread robust mutexes
thunder lock: disabled (you can enable it with --thunder-lock)
uwsgi socket 0 bound to UNIX address /home/miguel-wisphub/Documentos/Projects_Test/Project_WS/project_websocket/app_uwsgi.sock fd 3
Python version: 3.6.9 (default, Dec  8 2021, 21:08:43)  [GCC 8.4.0]
PEP 405 virtualenv detected: /home/miguel-wisphub/Documentos/Projects_Test/Project_WS/env_project_websocket
Set PythonHome to /home/miguel-wisphub/Documentos/Projects_Test/Project_WS/env_project_websocket
Python main interpreter initialized at 0x5576e8908220
python threads support enabled
your server socket listen backlog is limited to 100 connections
your mercy for graceful operations on workers is 60 seconds
setting request body buffering size to 2000000 bytes
mapped 8406368 bytes (8209 KB) for 3 cores
*** Operational MODE: preforking ***
WSGI app 0 (mountpoint='') ready in 1 seconds on interpreter 0x5576e8908220 pid: 12727 (default app)
spawned uWSGI master process (pid: 12727)
spawned uWSGI worker 1 (pid: 12731, cores: 1)
spawned uWSGI worker 2 (pid: 12732, cores: 1)
spawned uWSGI worker 3 (pid: 12733, cores: 1)
{address space usage: 264495104 bytes/252MB} {rss usage: 62971904 bytes/60MB} [pid: 12731|app: 0|req: 1/1] 127.0.0.1 () {44 vars in 786 bytes} [Fri Feb  4 22:49:51 2022] GET / => generated 3081 bytes in 225 msecs (HTTP/1.1 200) 3 headers in 110 bytes (1 switches on core 0)
SIGINT/SIGQUIT received...killing workers...
worker 1 buried after 1 seconds
worker 2 buried after 1 seconds
worker 3 buried after 1 seconds
goodbye to uWSGI.
VACUUM: unix socket /home/miguel-wisphub/Documentos/Projects_Test/Project_WS/project_websocket/app_uwsgi.sock removed.
*** Starting uWSGI 2.0.18 (64bit) on [Fri Feb  4 17:50:51 2022] ***
compiled with version: 7.5.0 on 03 February 2022 15:57:47
os: Linux-4.15.0-167-generic #175-Ubuntu SMP Wed Jan 5 01:56:07 UTC 2022
nodename: miguel-wisphub
machine: x86_64
clock source: unix
pcre jit disabled
detected number of CPU cores: 8
current working directory: /home/miguel-wisphub/Documentos/Projects_Test/Project_WS/project_websocket
detected binary path: /home/miguel-wisphub/.local/bin/uwsgi
chdir() to /home/miguel-wisphub/Documentos/Projects_Test/Project_WS/project_websocket
your processes number limit is 63305
your memory page size is 4096 bytes
detected max file descriptor number: 65535
lock engine: pthread robust mutexes
thunder lock: disabled (you can enable it with --thunder-lock)
uwsgi socket 0 bound to UNIX address /home/miguel-wisphub/Documentos/Projects_Test/Project_WS/project_websocket/app_uwsgi.sock fd 3
Python version: 3.6.9 (default, Dec  8 2021, 21:08:43)  [GCC 8.4.0]
PEP 405 virtualenv detected: /home/miguel-wisphub/Documentos/Projects_Test/Project_WS/env_project_websocket
Set PythonHome to /home/miguel-wisphub/Documentos/Projects_Test/Project_WS/env_project_websocket
Python main interpreter initialized at 0x55715cb37220
python threads support enabled
your server socket listen backlog is limited to 100 connections
your mercy for graceful operations on workers is 60 seconds
setting request body buffering size to 2000000 bytes
mapped 8406368 bytes (8209 KB) for 3 cores
*** Operational MODE: preforking ***
WSGI app 0 (mountpoint='') ready in 0 seconds on interpreter 0x55715cb37220 pid: 13000 (default app)
spawned uWSGI master process (pid: 13000)
spawned uWSGI worker 1 (pid: 13005, cores: 1)
spawned uWSGI worker 2 (pid: 13006, cores: 1)
spawned uWSGI worker 3 (pid: 13007, cores: 1)
{address space usage: 264491008 bytes/252MB} {rss usage: 62996480 bytes/60MB} [pid: 13006|app: 0|req: 1/1] 127.0.0.1 () {44 vars in 786 bytes} [Fri Feb  4 22:50:55 2022] GET / => generated 3087 bytes in 248 msecs (HTTP/1.1 200) 3 headers in 110 bytes (1 switches on core 0)
{address space usage: 264491008 bytes/252MB} {rss usage: 62996480 bytes/60MB} [pid: 13005|app: 0|req: 1/2] 127.0.0.1 () {44 vars in 786 bytes} [Fri Feb  4 22:50:58 2022] GET / => generated 3087 bytes in 225 msecs (HTTP/1.1 200) 3 headers in 110 bytes (1 switches on core 0)
{address space usage: 264491008 bytes/252MB} {rss usage: 62996480 bytes/60MB} [pid: 13007|app: 0|req: 1/3] 127.0.0.1 () {44 vars in 786 bytes} [Fri Feb  4 22:51:02 2022] GET / => generated 3087 bytes in 227 msecs (HTTP/1.1 200) 3 headers in 110 bytes (1 switches on core 0)
SIGINT/SIGQUIT received...killing workers...
worker 1 buried after 0 seconds
worker 2 buried after 0 seconds
worker 3 buried after 0 seconds
goodbye to uWSGI.
VACUUM: unix socket /home/miguel-wisphub/Documentos/Projects_Test/Project_WS/project_websocket/app_uwsgi.sock removed.
*** Starting uWSGI 2.0.18 (64bit) on [Fri Feb  4 18:07:19 2022] ***
compiled with version: 7.5.0 on 03 February 2022 15:57:47
os: Linux-4.15.0-167-generic #175-Ubuntu SMP Wed Jan 5 01:56:07 UTC 2022
nodename: miguel-wisphub
machine: x86_64
clock source: unix
pcre jit disabled
detected number of CPU cores: 8
current working directory: /home/miguel-wisphub/Documentos/Projects_Test/Project_WS/project_websocket
detected binary path: /home/miguel-wisphub/.local/bin/uwsgi
chdir() to /home/miguel-wisphub/Documentos/Projects_Test/Project_WS/project_websocket
your processes number limit is 63305
your memory page size is 4096 bytes
detected max file descriptor number: 65535
lock engine: pthread robust mutexes
thunder lock: disabled (you can enable it with --thunder-lock)
uwsgi socket 0 bound to UNIX address /home/miguel-wisphub/Documentos/Projects_Test/Project_WS/project_websocket/app_uwsgi.sock fd 3
Python version: 3.6.9 (default, Dec  8 2021, 21:08:43)  [GCC 8.4.0]
PEP 405 virtualenv detected: /home/miguel-wisphub/Documentos/Projects_Test/Project_WS/env_project_websocket
Set PythonHome to /home/miguel-wisphub/Documentos/Projects_Test/Project_WS/env_project_websocket
Python main interpreter initialized at 0x55e7470dd220
python threads support enabled
your server socket listen backlog is limited to 100 connections
your mercy for graceful operations on workers is 60 seconds
setting request body buffering size to 2000000 bytes
mapped 8406368 bytes (8209 KB) for 3 cores
*** Operational MODE: preforking ***
WSGI app 0 (mountpoint='') ready in 0 seconds on interpreter 0x55e7470dd220 pid: 14526 (default app)
spawned uWSGI master process (pid: 14526)
spawned uWSGI worker 1 (pid: 14530, cores: 1)
spawned uWSGI worker 2 (pid: 14531, cores: 1)
spawned uWSGI worker 3 (pid: 14532, cores: 1)
{address space usage: 264491008 bytes/252MB} {rss usage: 63148032 bytes/60MB} [pid: 14532|app: 0|req: 1/1] 127.0.0.1 () {42 vars in 764 bytes} [Fri Feb  4 23:07:36 2022] GET / => generated 3087 bytes in 264 msecs (HTTP/1.1 200) 3 headers in 110 bytes (1 switches on core 0)
{address space usage: 264491008 bytes/252MB} {rss usage: 63303680 bytes/60MB} [pid: 14532|app: 0|req: 2/2] 127.0.0.1 () {42 vars in 764 bytes} [Fri Feb  4 23:07:37 2022] GET / => generated 3087 bytes in 11 msecs (HTTP/1.1 200) 3 headers in 110 bytes (1 switches on core 0)
{address space usage: 264491008 bytes/252MB} {rss usage: 63315968 bytes/60MB} [pid: 14532|app: 0|req: 3/3] 127.0.0.1 () {42 vars in 764 bytes} [Fri Feb  4 23:07:37 2022] GET / => generated 3087 bytes in 2 msecs (HTTP/1.1 200) 3 headers in 110 bytes (1 switches on core 0)
{address space usage: 264491008 bytes/252MB} {rss usage: 63148032 bytes/60MB} [pid: 14531|app: 0|req: 1/4] 127.0.0.1 () {42 vars in 764 bytes} [Fri Feb  4 23:07:37 2022] GET / => generated 0 bytes in 282 msecs (HTTP/1.1 200) 3 headers in 0 bytes (0 switches on core 0)
{address space usage: 264491008 bytes/252MB} {rss usage: 63315968 bytes/60MB} [pid: 14532|app: 0|req: 4/5] 127.0.0.1 () {42 vars in 764 bytes} [Fri Feb  4 23:07:38 2022] GET / => generated 3087 bytes in 9 msecs (HTTP/1.1 200) 3 headers in 110 bytes (1 switches on core 0)
{address space usage: 264888320 bytes/252MB} {rss usage: 63315968 bytes/60MB} [pid: 14532|app: 0|req: 5/6] 127.0.0.1 () {44 vars in 786 bytes} [Fri Feb  4 23:07:43 2022] GET / => generated 3087 bytes in 8 msecs (HTTP/1.1 200) 3 headers in 110 bytes (1 switches on core 0)
{address space usage: 264491008 bytes/252MB} {rss usage: 63303680 bytes/60MB} [pid: 14531|app: 0|req: 2/7] 127.0.0.1 () {44 vars in 786 bytes} [Fri Feb  4 23:07:43 2022] GET / => generated 3087 bytes in 5 msecs (HTTP/1.1 200) 3 headers in 110 bytes (1 switches on core 0)
{address space usage: 264888320 bytes/252MB} {rss usage: 63315968 bytes/60MB} [pid: 14532|app: 0|req: 6/8] 127.0.0.1 () {44 vars in 786 bytes} [Fri Feb  4 23:07:44 2022] GET / => generated 3087 bytes in 7 msecs (HTTP/1.1 200) 3 headers in 110 bytes (1 switches on core 0)
SIGINT/SIGQUIT received...killing workers...
worker 1 buried after 1 seconds
worker 2 buried after 1 seconds
worker 3 buried after 1 seconds
goodbye to uWSGI.
VACUUM: unix socket /home/miguel-wisphub/Documentos/Projects_Test/Project_WS/project_websocket/app_uwsgi.sock removed.
*** Starting uWSGI 2.0.18 (64bit) on [Fri Feb  4 18:12:21 2022] ***
compiled with version: 7.5.0 on 03 February 2022 15:57:47
os: Linux-4.15.0-167-generic #175-Ubuntu SMP Wed Jan 5 01:56:07 UTC 2022
nodename: miguel-wisphub
machine: x86_64
clock source: unix
pcre jit disabled
detected number of CPU cores: 8
current working directory: /home/miguel-wisphub/Documentos/Projects_Test/Project_WS/project_websocket
detected binary path: /home/miguel-wisphub/.local/bin/uwsgi
chdir() to /home/miguel-wisphub/Documentos/Projects_Test/Project_WS/project_websocket
your processes number limit is 63305
your memory page size is 4096 bytes
detected max file descriptor number: 65535
lock engine: pthread robust mutexes
thunder lock: disabled (you can enable it with --thunder-lock)
uwsgi socket 0 bound to UNIX address /home/miguel-wisphub/Documentos/Projects_Test/Project_WS/project_websocket/app_uwsgi.sock fd 3
Python version: 3.6.9 (default, Dec  8 2021, 21:08:43)  [GCC 8.4.0]
PEP 405 virtualenv detected: /home/miguel-wisphub/Documentos/Projects_Test/Project_WS/env_project_websocket
Set PythonHome to /home/miguel-wisphub/Documentos/Projects_Test/Project_WS/env_project_websocket
Python main interpreter initialized at 0x5608f89bf220
python threads support enabled
your server socket listen backlog is limited to 100 connections
your mercy for graceful operations on workers is 60 seconds
setting request body buffering size to 2000000 bytes
mapped 8406368 bytes (8209 KB) for 3 cores
*** Operational MODE: preforking ***
WSGI app 0 (mountpoint='') ready in 1 seconds on interpreter 0x5608f89bf220 pid: 15203 (default app)
spawned uWSGI master process (pid: 15203)
spawned uWSGI worker 1 (pid: 15207, cores: 1)
spawned uWSGI worker 2 (pid: 15208, cores: 1)
spawned uWSGI worker 3 (pid: 15209, cores: 1)
{address space usage: 264491008 bytes/252MB} {rss usage: 63000576 bytes/60MB} [pid: 15208|app: 0|req: 1/1] 127.0.0.1 () {44 vars in 786 bytes} [Fri Feb  4 23:12:29 2022] GET / => generated 3087 bytes in 217 msecs (HTTP/1.1 200) 3 headers in 110 bytes (1 switches on core 0)
{address space usage: 264491008 bytes/252MB} {rss usage: 63160320 bytes/60MB} [pid: 15208|app: 0|req: 2/2] 127.0.0.1 () {44 vars in 786 bytes} [Fri Feb  4 23:12:30 2022] GET / => generated 3087 bytes in 2 msecs (HTTP/1.1 200) 3 headers in 110 bytes (1 switches on core 0)
{address space usage: 264491008 bytes/252MB} {rss usage: 63000576 bytes/60MB} [pid: 15209|app: 0|req: 1/3] 127.0.0.1 () {44 vars in 786 bytes} [Fri Feb  4 23:12:30 2022] GET / => generated 0 bytes in 249 msecs (HTTP/1.1 200) 3 headers in 0 bytes (0 switches on core 0)
{address space usage: 264491008 bytes/252MB} {rss usage: 63000576 bytes/60MB} [pid: 15207|app: 0|req: 1/4] 127.0.0.1 () {44 vars in 786 bytes} [Fri Feb  4 23:12:31 2022] GET / => generated 3087 bytes in 243 msecs (HTTP/1.1 200) 3 headers in 110 bytes (1 switches on core 0)
{address space usage: 264491008 bytes/252MB} {rss usage: 63160320 bytes/60MB} [pid: 15209|app: 0|req: 2/5] 127.0.0.1 () {40 vars in 733 bytes} [Fri Feb  4 23:12:37 2022] GET / => generated 3087 bytes in 7 msecs (HTTP/1.1 200) 3 headers in 110 bytes (1 switches on core 0)
SIGINT/SIGQUIT received...killing workers...
worker 1 buried after 0 seconds
worker 2 buried after 0 seconds
worker 3 buried after 0 seconds
goodbye to uWSGI.
VACUUM: unix socket /home/miguel-wisphub/Documentos/Projects_Test/Project_WS/project_websocket/app_uwsgi.sock removed.
*** Starting uWSGI 2.0.18 (64bit) on [Sat Feb  5 09:16:22 2022] ***
compiled with version: 7.5.0 on 03 February 2022 15:57:47
os: Linux-4.15.0-167-generic #175-Ubuntu SMP Wed Jan 5 01:56:07 UTC 2022
nodename: miguel-wisphub
machine: x86_64
clock source: unix
pcre jit disabled
detected number of CPU cores: 8
current working directory: /home/miguel-wisphub/Documentos/Projects_Test/Project_WS/project_websocket
detected binary path: /home/miguel-wisphub/.local/bin/uwsgi
chdir() to /home/miguel-wisphub/Documentos/Projects_Test/Project_WS/project_websocket
your processes number limit is 63305
your memory page size is 4096 bytes
detected max file descriptor number: 65535
lock engine: pthread robust mutexes
thunder lock: disabled (you can enable it with --thunder-lock)
uwsgi socket 0 bound to UNIX address /home/miguel-wisphub/Documentos/Projects_Test/Project_WS/project_websocket/app_uwsgi.sock fd 3
Python version: 3.6.9 (default, Dec  8 2021, 21:08:43)  [GCC 8.4.0]
PEP 405 virtualenv detected: /home/miguel-wisphub/Documentos/Projects_Test/Project_WS/env_project_websocket
Set PythonHome to /home/miguel-wisphub/Documentos/Projects_Test/Project_WS/env_project_websocket
Python main interpreter initialized at 0x564fe66cd380
python threads support enabled
your server socket listen backlog is limited to 100 connections
your mercy for graceful operations on workers is 60 seconds
setting request body buffering size to 2000000 bytes
mapped 8406368 bytes (8209 KB) for 3 cores
*** Operational MODE: preforking ***
WSGI app 0 (mountpoint='') ready in 0 seconds on interpreter 0x564fe66cd380 pid: 5588 (default app)
spawned uWSGI master process (pid: 5588)
spawned uWSGI worker 1 (pid: 5592, cores: 1)
spawned uWSGI worker 2 (pid: 5593, cores: 1)
spawned uWSGI worker 3 (pid: 5594, cores: 1)
{address space usage: 264527872 bytes/252MB} {rss usage: 62943232 bytes/60MB} [pid: 5594|app: 0|req: 1/1] 127.0.0.1 () {40 vars in 733 bytes} [Sat Feb  5 14:16:30 2022] GET / => generated 3081 bytes in 384 msecs (HTTP/1.1 200) 3 headers in 110 bytes (1 switches on core 0)
Not Found: /favicon.ico
{address space usage: 264790016 bytes/252MB} {rss usage: 63270912 bytes/60MB} [pid: 5594|app: 0|req: 2/2] 127.0.0.1 () {40 vars in 693 bytes} [Sat Feb  5 14:16:30 2022] GET /favicon.ico => generated 2222 bytes in 5 msecs (HTTP/1.1 404) 3 headers in 102 bytes (1 switches on core 0)
{address space usage: 264790016 bytes/252MB} {rss usage: 63270912 bytes/60MB} [pid: 5594|app: 0|req: 3/3] 127.0.0.1 () {40 vars in 733 bytes} [Sat Feb  5 14:27:38 2022] GET / => generated 3081 bytes in 3 msecs (HTTP/1.1 200) 3 headers in 110 bytes (1 switches on core 0)
SIGINT/SIGQUIT received...killing workers...
worker 1 buried after 0 seconds
worker 2 buried after 0 seconds
worker 3 buried after 0 seconds
goodbye to uWSGI.
VACUUM: unix socket /home/miguel-wisphub/Documentos/Projects_Test/Project_WS/project_websocket/app_uwsgi.sock removed.
*** Starting uWSGI 2.0.18 (64bit) on [Sat Feb  5 09:54:30 2022] ***
compiled with version: 7.5.0 on 03 February 2022 15:57:47
os: Linux-4.15.0-167-generic #175-Ubuntu SMP Wed Jan 5 01:56:07 UTC 2022
nodename: miguel-wisphub
machine: x86_64
clock source: unix
pcre jit disabled
detected number of CPU cores: 8
current working directory: /home/miguel-wisphub/Documentos/Projects_Test/Project_WS/project_websocket
detected binary path: /home/miguel-wisphub/.local/bin/uwsgi
chdir() to /home/miguel-wisphub/Documentos/Projects_Test/Project_WS/project_websocket
your processes number limit is 63305
your memory page size is 4096 bytes
detected max file descriptor number: 65535
lock engine: pthread robust mutexes
thunder lock: disabled (you can enable it with --thunder-lock)
uwsgi socket 0 bound to UNIX address /home/miguel-wisphub/Documentos/Projects_Test/Project_WS/project_websocket/app_uwsgi.sock fd 3
Python version: 3.6.9 (default, Dec  8 2021, 21:08:43)  [GCC 8.4.0]
PEP 405 virtualenv detected: /home/miguel-wisphub/Documentos/Projects_Test/Project_WS/env_project_websocket
Set PythonHome to /home/miguel-wisphub/Documentos/Projects_Test/Project_WS/env_project_websocket
Python main interpreter initialized at 0x5607a6742380
python threads support enabled
your server socket listen backlog is limited to 100 connections
your mercy for graceful operations on workers is 60 seconds
setting request body buffering size to 2000000 bytes
mapped 8406368 bytes (8209 KB) for 3 cores
*** Operational MODE: preforking ***
WSGI app 0 (mountpoint='') ready in 0 seconds on interpreter 0x5607a6742380 pid: 11485 (default app)
spawned uWSGI master process (pid: 11485)
spawned uWSGI worker 1 (pid: 11489, cores: 1)
spawned uWSGI worker 2 (pid: 11490, cores: 1)
spawned uWSGI worker 3 (pid: 11491, cores: 1)
{address space usage: 264482816 bytes/252MB} {rss usage: 63012864 bytes/60MB} [pid: 11491|app: 0|req: 1/1] 127.0.0.1 () {44 vars in 786 bytes} [Sat Feb  5 14:54:56 2022] GET / => generated 3092 bytes in 235 msecs (HTTP/1.1 200) 3 headers in 110 bytes (1 switches on core 0)
SIGINT/SIGQUIT received...killing workers...
worker 1 buried after 0 seconds
worker 2 buried after 0 seconds
worker 3 buried after 0 seconds
goodbye to uWSGI.
VACUUM: unix socket /home/miguel-wisphub/Documentos/Projects_Test/Project_WS/project_websocket/app_uwsgi.sock removed.
*** Starting uWSGI 2.0.18 (64bit) on [Sat Feb  5 09:58:34 2022] ***
compiled with version: 7.5.0 on 03 February 2022 15:57:47
os: Linux-4.15.0-167-generic #175-Ubuntu SMP Wed Jan 5 01:56:07 UTC 2022
nodename: miguel-wisphub
machine: x86_64
clock source: unix
pcre jit disabled
detected number of CPU cores: 8
current working directory: /home/miguel-wisphub/Documentos/Projects_Test/Project_WS/project_websocket
detected binary path: /home/miguel-wisphub/.local/bin/uwsgi
chdir() to /home/miguel-wisphub/Documentos/Projects_Test/Project_WS/project_websocket
your processes number limit is 63305
your memory page size is 4096 bytes
detected max file descriptor number: 65535
lock engine: pthread robust mutexes
thunder lock: disabled (you can enable it with --thunder-lock)
uwsgi socket 0 bound to UNIX address /home/miguel-wisphub/Documentos/Projects_Test/Project_WS/project_websocket/app_uwsgi.sock fd 3
Python version: 3.6.9 (default, Dec  8 2021, 21:08:43)  [GCC 8.4.0]
PEP 405 virtualenv detected: /home/miguel-wisphub/Documentos/Projects_Test/Project_WS/env_project_websocket
Set PythonHome to /home/miguel-wisphub/Documentos/Projects_Test/Project_WS/env_project_websocket
Python main interpreter initialized at 0x557b713e9380
python threads support enabled
your server socket listen backlog is limited to 100 connections
your mercy for graceful operations on workers is 60 seconds
setting request body buffering size to 2000000 bytes
mapped 8406368 bytes (8209 KB) for 3 cores
*** Operational MODE: preforking ***
WSGI app 0 (mountpoint='') ready in 1 seconds on interpreter 0x557b713e9380 pid: 11920 (default app)
spawned uWSGI master process (pid: 11920)
spawned uWSGI worker 1 (pid: 11924, cores: 1)
spawned uWSGI worker 2 (pid: 11925, cores: 1)
spawned uWSGI worker 3 (pid: 11926, cores: 1)
{address space usage: 264495104 bytes/252MB} {rss usage: 63107072 bytes/60MB} [pid: 11925|app: 0|req: 1/1] 127.0.0.1 () {44 vars in 786 bytes} [Sat Feb  5 14:58:56 2022] GET / => generated 3303 bytes in 223 msecs (HTTP/1.1 200) 3 headers in 110 bytes (1 switches on core 0)
SIGINT/SIGQUIT received...killing workers...
worker 1 buried after 0 seconds
worker 2 buried after 0 seconds
worker 3 buried after 0 seconds
goodbye to uWSGI.
VACUUM: unix socket /home/miguel-wisphub/Documentos/Projects_Test/Project_WS/project_websocket/app_uwsgi.sock removed.
*** Starting uWSGI 2.0.18 (64bit) on [Sat Feb  5 10:02:39 2022] ***
compiled with version: 7.5.0 on 03 February 2022 15:57:47
os: Linux-4.15.0-167-generic #175-Ubuntu SMP Wed Jan 5 01:56:07 UTC 2022
nodename: miguel-wisphub
machine: x86_64
clock source: unix
pcre jit disabled
detected number of CPU cores: 8
current working directory: /home/miguel-wisphub/Documentos/Projects_Test/Project_WS/project_websocket
detected binary path: /home/miguel-wisphub/.local/bin/uwsgi
chdir() to /home/miguel-wisphub/Documentos/Projects_Test/Project_WS/project_websocket
your processes number limit is 63305
your memory page size is 4096 bytes
detected max file descriptor number: 65535
lock engine: pthread robust mutexes
thunder lock: disabled (you can enable it with --thunder-lock)
uwsgi socket 0 bound to UNIX address /home/miguel-wisphub/Documentos/Projects_Test/Project_WS/project_websocket/app_uwsgi.sock fd 3
Python version: 3.6.9 (default, Dec  8 2021, 21:08:43)  [GCC 8.4.0]
PEP 405 virtualenv detected: /home/miguel-wisphub/Documentos/Projects_Test/Project_WS/env_project_websocket
Set PythonHome to /home/miguel-wisphub/Documentos/Projects_Test/Project_WS/env_project_websocket
Python main interpreter initialized at 0x561e9db44380
python threads support enabled
your server socket listen backlog is limited to 100 connections
your mercy for graceful operations on workers is 60 seconds
setting request body buffering size to 2000000 bytes
mapped 8406368 bytes (8209 KB) for 3 cores
*** Operational MODE: preforking ***
WSGI app 0 (mountpoint='') ready in 0 seconds on interpreter 0x561e9db44380 pid: 13051 (default app)
spawned uWSGI master process (pid: 13051)
spawned uWSGI worker 1 (pid: 13055, cores: 1)
spawned uWSGI worker 2 (pid: 13056, cores: 1)
spawned uWSGI worker 3 (pid: 13057, cores: 1)
{address space usage: 264495104 bytes/252MB} {rss usage: 63025152 bytes/60MB} [pid: 13055|app: 0|req: 1/1] 127.0.0.1 () {44 vars in 786 bytes} [Sat Feb  5 15:02:57 2022] GET / => generated 3298 bytes in 246 msecs (HTTP/1.1 200) 3 headers in 110 bytes (1 switches on core 0)
{address space usage: 264527872 bytes/252MB} {rss usage: 63021056 bytes/60MB} [pid: 13057|app: 0|req: 1/2] 127.0.0.1 () {44 vars in 786 bytes} [Sat Feb  5 15:04:53 2022] GET / => generated 3298 bytes in 236 msecs (HTTP/1.1 200) 3 headers in 110 bytes (1 switches on core 0)
{address space usage: 264527872 bytes/252MB} {rss usage: 63021056 bytes/60MB} [pid: 13056|app: 0|req: 1/3] 127.0.0.1 () {44 vars in 786 bytes} [Sat Feb  5 15:05:17 2022] GET / => generated 3298 bytes in 225 msecs (HTTP/1.1 200) 3 headers in 110 bytes (1 switches on core 0)
{address space usage: 264495104 bytes/252MB} {rss usage: 63242240 bytes/60MB} [pid: 13055|app: 0|req: 2/4] 127.0.0.1 () {44 vars in 786 bytes} [Sat Feb  5 15:06:21 2022] GET / => generated 3298 bytes in 3 msecs (HTTP/1.1 200) 3 headers in 110 bytes (1 switches on core 0)
{address space usage: 264527872 bytes/252MB} {rss usage: 63238144 bytes/60MB} [pid: 13057|app: 0|req: 2/5] 127.0.0.1 () {44 vars in 786 bytes} [Sat Feb  5 15:06:32 2022] GET / => generated 3298 bytes in 8 msecs (HTTP/1.1 200) 3 headers in 110 bytes (1 switches on core 0)
{address space usage: 264527872 bytes/252MB} {rss usage: 63254528 bytes/60MB} [pid: 13057|app: 0|req: 3/6] 127.0.0.1 () {44 vars in 786 bytes} [Sat Feb  5 15:07:13 2022] GET / => generated 3298 bytes in 3 msecs (HTTP/1.1 200) 3 headers in 110 bytes (1 switches on core 0)
{address space usage: 264527872 bytes/252MB} {rss usage: 63254528 bytes/60MB} [pid: 13057|app: 0|req: 4/7] 127.0.0.1 () {44 vars in 786 bytes} [Sat Feb  5 15:07:25 2022] GET / => generated 3298 bytes in 4 msecs (HTTP/1.1 200) 3 headers in 110 bytes (1 switches on core 0)
{address space usage: 264527872 bytes/252MB} {rss usage: 63238144 bytes/60MB} [pid: 13056|app: 0|req: 2/8] 127.0.0.1 () {44 vars in 786 bytes} [Sat Feb  5 15:09:45 2022] GET / => generated 3298 bytes in 8 msecs (HTTP/1.1 200) 3 headers in 110 bytes (1 switches on core 0)
{address space usage: 264790016 bytes/252MB} {rss usage: 63254528 bytes/60MB} [pid: 13057|app: 0|req: 5/9] 127.0.0.1 () {44 vars in 786 bytes} [Sat Feb  5 15:09:47 2022] GET / => generated 3298 bytes in 7 msecs (HTTP/1.1 200) 3 headers in 110 bytes (1 switches on core 0)
{address space usage: 264790016 bytes/252MB} {rss usage: 63254528 bytes/60MB} [pid: 13057|app: 0|req: 6/10] 127.0.0.1 () {44 vars in 786 bytes} [Sat Feb  5 15:12:52 2022] GET / => generated 3298 bytes in 6 msecs (HTTP/1.1 200) 3 headers in 110 bytes (1 switches on core 0)
SIGINT/SIGQUIT received...killing workers...
worker 1 buried after 1 seconds
worker 2 buried after 1 seconds
worker 3 buried after 1 seconds
goodbye to uWSGI.
VACUUM: unix socket /home/miguel-wisphub/Documentos/Projects_Test/Project_WS/project_websocket/app_uwsgi.sock removed.
